<?xml version="1.0" encoding="UTF-8"?>
<!-- Generated by org.testng.reporters.JUnitXMLReporter -->
<testsuite ignored="0" hostname="USHYDPSAMUD1" failures="0" tests="4" name="Test" time="18.49" errors="0" timestamp="2021-07-05T11:39:14 IST">
  <testcase classname="testDocker.ChromeStandAloneTest2" name="chromeTest2" time="8.673"/>
  <testcase classname="testDocker.ChromeStandAloneTest" name="chromeTest1" time="10.815"/>
  <testcase classname="testDocker.FirefoxStandAloneTest2" name="firefoxTest2" time="14.257"/>
  <testcase classname="testDocker.FirefoxStandAloneTest" name="firefoxTest1" time="18.452"/>
</testsuite> <!-- Test -->
