<?xml version="1.0" encoding="UTF-8"?>
<testng-results ignored="0" total="4" passed="4" failed="0" skipped="0">
  <reporter-output>
  </reporter-output>
  <suite started-at="2021-07-05T11:38:56 IST" name="Suite" finished-at="2021-07-05T11:39:14 IST" duration-ms="18490">
    <groups>
    </groups>
    <test started-at="2021-07-05T11:38:56 IST" name="Test" finished-at="2021-07-05T11:39:14 IST" duration-ms="18490">
      <class name="testDocker.FirefoxStandAloneTest2">
        <test-method signature="firefoxTest2()[pri:0, instance:testDocker.FirefoxStandAloneTest2@65b3f4a4]" started-at="2021-07-05T11:38:56 IST" name="firefoxTest2" finished-at="2021-07-05T11:39:10 IST" duration-ms="14257" status="PASS">
          <reporter-output>
          </reporter-output>
        </test-method> <!-- firefoxTest2 -->
      </class> <!-- testDocker.FirefoxStandAloneTest2 -->
      <class name="testDocker.ChromeStandAloneTest2">
        <test-method signature="chromeTest2()[pri:0, instance:testDocker.ChromeStandAloneTest2@f2ff811]" started-at="2021-07-05T11:38:56 IST" name="chromeTest2" finished-at="2021-07-05T11:39:05 IST" duration-ms="8673" status="PASS">
          <reporter-output>
          </reporter-output>
        </test-method> <!-- chromeTest2 -->
      </class> <!-- testDocker.ChromeStandAloneTest2 -->
      <class name="testDocker.FirefoxStandAloneTest">
        <test-method signature="firefoxTest1()[pri:0, instance:testDocker.FirefoxStandAloneTest@568ff82]" started-at="2021-07-05T11:38:56 IST" name="firefoxTest1" finished-at="2021-07-05T11:39:14 IST" duration-ms="18452" status="PASS">
          <reporter-output>
          </reporter-output>
        </test-method> <!-- firefoxTest1 -->
      </class> <!-- testDocker.FirefoxStandAloneTest -->
      <class name="testDocker.ChromeStandAloneTest">
        <test-method is-config="true" signature="beforeSuite()[pri:0, instance:testDocker.ChromeStandAloneTest@1018bde2]" started-at="2021-07-05T11:38:29 IST" name="beforeSuite" finished-at="2021-07-05T11:38:56 IST" duration-ms="26706" status="PASS">
          <reporter-output>
          </reporter-output>
        </test-method> <!-- beforeSuite -->
        <test-method signature="chromeTest1()[pri:0, instance:testDocker.ChromeStandAloneTest@1018bde2]" started-at="2021-07-05T11:38:56 IST" name="chromeTest1" finished-at="2021-07-05T11:39:07 IST" duration-ms="10815" status="PASS">
          <reporter-output>
          </reporter-output>
        </test-method> <!-- chromeTest1 -->
        <test-method is-config="true" signature="afterSuite()[pri:0, instance:testDocker.ChromeStandAloneTest@1018bde2]" started-at="2021-07-05T11:39:14 IST" name="afterSuite" finished-at="2021-07-05T11:39:30 IST" duration-ms="15437" status="PASS">
          <reporter-output>
          </reporter-output>
        </test-method> <!-- afterSuite -->
      </class> <!-- testDocker.ChromeStandAloneTest -->
    </test> <!-- Test -->
  </suite> <!-- Suite -->
</testng-results>
